Performing C SOURCE FILE Test CMAKE_HAVE_LIBC_PTHREAD failed with the following output:
Change Dir: /home/daniel/catkin_ws/build/CMakeFiles/CMakeTmp

Run Build Command(s):/usr/bin/make cmTC_0f951/fast && /usr/bin/make -f CMakeFiles/cmTC_0f951.dir/build.make CMakeFiles/cmTC_0f951.dir/build
make[1]: Entering directory '/home/daniel/catkin_ws/build/CMakeFiles/CMakeTmp'
Building C object CMakeFiles/cmTC_0f951.dir/src.c.o
/usr/bin/cc   -DCMAKE_HAVE_LIBC_PTHREAD   -o CMakeFiles/cmTC_0f951.dir/src.c.o   -c /home/daniel/catkin_ws/build/CMakeFiles/CMakeTmp/src.c
Linking C executable cmTC_0f951
/usr/bin/cmake -E cmake_link_script CMakeFiles/cmTC_0f951.dir/link.txt --verbose=1
/usr/bin/cc  -DCMAKE_HAVE_LIBC_PTHREAD    -rdynamic CMakeFiles/cmTC_0f951.dir/src.c.o  -o cmTC_0f951 
/usr/bin/ld: CMakeFiles/cmTC_0f951.dir/src.c.o: in function `main':
src.c:(.text+0x46): undefined reference to `pthread_create'
/usr/bin/ld: src.c:(.text+0x52): undefined reference to `pthread_detach'
/usr/bin/ld: src.c:(.text+0x63): undefined reference to `pthread_join'
collect2: error: ld returned 1 exit status
make[1]: *** [CMakeFiles/cmTC_0f951.dir/build.make:87: cmTC_0f951] Error 1
make[1]: Leaving directory '/home/daniel/catkin_ws/build/CMakeFiles/CMakeTmp'
make: *** [Makefile:121: cmTC_0f951/fast] Error 2


Source file was:
#include <pthread.h>

void* test_func(void* data)
{
  return data;
}

int main(void)
{
  pthread_t thread;
  pthread_create(&thread, NULL, test_func, NULL);
  pthread_detach(thread);
  pthread_join(thread, NULL);
  pthread_atfork(NULL, NULL, NULL);
  pthread_exit(NULL);

  return 0;
}

Determining if the function pthread_create exists in the pthreads failed with the following output:
Change Dir: /home/daniel/catkin_ws/build/CMakeFiles/CMakeTmp

Run Build Command(s):/usr/bin/make cmTC_392e9/fast && /usr/bin/make -f CMakeFiles/cmTC_392e9.dir/build.make CMakeFiles/cmTC_392e9.dir/build
make[1]: Entering directory '/home/daniel/catkin_ws/build/CMakeFiles/CMakeTmp'
Building C object CMakeFiles/cmTC_392e9.dir/CheckFunctionExists.c.o
/usr/bin/cc   -DCHECK_FUNCTION_EXISTS=pthread_create   -o CMakeFiles/cmTC_392e9.dir/CheckFunctionExists.c.o   -c /usr/share/cmake-3.16/Modules/CheckFunctionExists.c
Linking C executable cmTC_392e9
/usr/bin/cmake -E cmake_link_script CMakeFiles/cmTC_392e9.dir/link.txt --verbose=1
/usr/bin/cc  -DCHECK_FUNCTION_EXISTS=pthread_create    -rdynamic CMakeFiles/cmTC_392e9.dir/CheckFunctionExists.c.o  -o cmTC_392e9  -lpthreads 
/usr/bin/ld: cannot find -lpthreads
collect2: error: ld returned 1 exit status
make[1]: *** [CMakeFiles/cmTC_392e9.dir/build.make:87: cmTC_392e9] Error 1
make[1]: Leaving directory '/home/daniel/catkin_ws/build/CMakeFiles/CMakeTmp'
make: *** [Makefile:121: cmTC_392e9/fast] Error 2



Performing C SOURCE FILE Test CMAKE_HAVE_LIBC_PTHREAD failed with the following output:
Change Dir: /home/daniel/ros/catkin_ws/build/CMakeFiles/CMakeTmp

Run Build Command(s):/usr/bin/make cmTC_0bb3f/fast && make[1]: 進入目錄「/home/daniel/ros/catkin_ws/build/CMakeFiles/CMakeTmp」
/usr/bin/make -f CMakeFiles/cmTC_0bb3f.dir/build.make CMakeFiles/cmTC_0bb3f.dir/build
make[2]: 進入目錄「/home/daniel/ros/catkin_ws/build/CMakeFiles/CMakeTmp」
Building C object CMakeFiles/cmTC_0bb3f.dir/src.c.o
/usr/bin/cc   -DCMAKE_HAVE_LIBC_PTHREAD   -o CMakeFiles/cmTC_0bb3f.dir/src.c.o   -c /home/daniel/ros/catkin_ws/build/CMakeFiles/CMakeTmp/src.c
Linking C executable cmTC_0bb3f
/usr/bin/cmake -E cmake_link_script CMakeFiles/cmTC_0bb3f.dir/link.txt --verbose=1
/usr/bin/cc  -DCMAKE_HAVE_LIBC_PTHREAD    -rdynamic CMakeFiles/cmTC_0bb3f.dir/src.c.o  -o cmTC_0bb3f 
/usr/bin/ld: CMakeFiles/cmTC_0bb3f.dir/src.c.o: in function `main':
src.c:(.text+0x46): undefined reference to `pthread_create'
/usr/bin/ld: src.c:(.text+0x52): undefined reference to `pthread_detach'
/usr/bin/ld: src.c:(.text+0x63): undefined reference to `pthread_join'
collect2: error: ld returned 1 exit status
make[2]: *** [CMakeFiles/cmTC_0bb3f.dir/build.make:87：cmTC_0bb3f] 錯誤 1
make[2]: 離開目錄「/home/daniel/ros/catkin_ws/build/CMakeFiles/CMakeTmp」
make[1]: *** [Makefile:121：cmTC_0bb3f/fast] 錯誤 2
make[1]: 離開目錄「/home/daniel/ros/catkin_ws/build/CMakeFiles/CMakeTmp」


Source file was:
#include <pthread.h>

void* test_func(void* data)
{
  return data;
}

int main(void)
{
  pthread_t thread;
  pthread_create(&thread, NULL, test_func, NULL);
  pthread_detach(thread);
  pthread_join(thread, NULL);
  pthread_atfork(NULL, NULL, NULL);
  pthread_exit(NULL);

  return 0;
}

Determining if the function pthread_create exists in the pthreads failed with the following output:
Change Dir: /home/daniel/ros/catkin_ws/build/CMakeFiles/CMakeTmp

Run Build Command(s):/usr/bin/make cmTC_7f00d/fast && make[1]: 進入目錄「/home/daniel/ros/catkin_ws/build/CMakeFiles/CMakeTmp」
/usr/bin/make -f CMakeFiles/cmTC_7f00d.dir/build.make CMakeFiles/cmTC_7f00d.dir/build
make[2]: 進入目錄「/home/daniel/ros/catkin_ws/build/CMakeFiles/CMakeTmp」
Building C object CMakeFiles/cmTC_7f00d.dir/CheckFunctionExists.c.o
/usr/bin/cc   -DCHECK_FUNCTION_EXISTS=pthread_create   -o CMakeFiles/cmTC_7f00d.dir/CheckFunctionExists.c.o   -c /usr/share/cmake-3.16/Modules/CheckFunctionExists.c
Linking C executable cmTC_7f00d
/usr/bin/cmake -E cmake_link_script CMakeFiles/cmTC_7f00d.dir/link.txt --verbose=1
/usr/bin/cc  -DCHECK_FUNCTION_EXISTS=pthread_create    -rdynamic CMakeFiles/cmTC_7f00d.dir/CheckFunctionExists.c.o  -o cmTC_7f00d  -lpthreads 
/usr/bin/ld: 找不到 -lpthreads
collect2: error: ld returned 1 exit status
make[2]: *** [CMakeFiles/cmTC_7f00d.dir/build.make:87：cmTC_7f00d] 錯誤 1
make[2]: 離開目錄「/home/daniel/ros/catkin_ws/build/CMakeFiles/CMakeTmp」
make[1]: *** [Makefile:121：cmTC_7f00d/fast] 錯誤 2
make[1]: 離開目錄「/home/daniel/ros/catkin_ws/build/CMakeFiles/CMakeTmp」



Performing C SOURCE FILE Test CMAKE_HAVE_LIBC_PTHREAD failed with the following output:
Change Dir: /home/daniel/ros/catkin_ws/build/CMakeFiles/CMakeTmp

Run Build Command(s):/usr/bin/make cmTC_fcf0d/fast && make[1]: 進入目錄「/home/daniel/ros/catkin_ws/build/CMakeFiles/CMakeTmp」
/usr/bin/make -f CMakeFiles/cmTC_fcf0d.dir/build.make CMakeFiles/cmTC_fcf0d.dir/build
make[2]: 進入目錄「/home/daniel/ros/catkin_ws/build/CMakeFiles/CMakeTmp」
Building C object CMakeFiles/cmTC_fcf0d.dir/src.c.o
/usr/bin/cc   -DCMAKE_HAVE_LIBC_PTHREAD   -o CMakeFiles/cmTC_fcf0d.dir/src.c.o   -c /home/daniel/ros/catkin_ws/build/CMakeFiles/CMakeTmp/src.c
Linking C executable cmTC_fcf0d
/usr/bin/cmake -E cmake_link_script CMakeFiles/cmTC_fcf0d.dir/link.txt --verbose=1
/usr/bin/cc  -DCMAKE_HAVE_LIBC_PTHREAD    -rdynamic CMakeFiles/cmTC_fcf0d.dir/src.c.o  -o cmTC_fcf0d 
/usr/bin/ld: CMakeFiles/cmTC_fcf0d.dir/src.c.o: in function `main':
src.c:(.text+0x46): undefined reference to `pthread_create'
/usr/bin/ld: src.c:(.text+0x52): undefined reference to `pthread_detach'
/usr/bin/ld: src.c:(.text+0x63): undefined reference to `pthread_join'
collect2: error: ld returned 1 exit status
make[2]: *** [CMakeFiles/cmTC_fcf0d.dir/build.make:87：cmTC_fcf0d] 錯誤 1
make[2]: 離開目錄「/home/daniel/ros/catkin_ws/build/CMakeFiles/CMakeTmp」
make[1]: *** [Makefile:121：cmTC_fcf0d/fast] 錯誤 2
make[1]: 離開目錄「/home/daniel/ros/catkin_ws/build/CMakeFiles/CMakeTmp」


Source file was:
#include <pthread.h>

void* test_func(void* data)
{
  return data;
}

int main(void)
{
  pthread_t thread;
  pthread_create(&thread, NULL, test_func, NULL);
  pthread_detach(thread);
  pthread_join(thread, NULL);
  pthread_atfork(NULL, NULL, NULL);
  pthread_exit(NULL);

  return 0;
}

Determining if the function pthread_create exists in the pthreads failed with the following output:
Change Dir: /home/daniel/ros/catkin_ws/build/CMakeFiles/CMakeTmp

Run Build Command(s):/usr/bin/make cmTC_d7a4f/fast && make[1]: 進入目錄「/home/daniel/ros/catkin_ws/build/CMakeFiles/CMakeTmp」
/usr/bin/make -f CMakeFiles/cmTC_d7a4f.dir/build.make CMakeFiles/cmTC_d7a4f.dir/build
make[2]: 進入目錄「/home/daniel/ros/catkin_ws/build/CMakeFiles/CMakeTmp」
Building C object CMakeFiles/cmTC_d7a4f.dir/CheckFunctionExists.c.o
/usr/bin/cc   -DCHECK_FUNCTION_EXISTS=pthread_create   -o CMakeFiles/cmTC_d7a4f.dir/CheckFunctionExists.c.o   -c /usr/share/cmake-3.16/Modules/CheckFunctionExists.c
Linking C executable cmTC_d7a4f
/usr/bin/cmake -E cmake_link_script CMakeFiles/cmTC_d7a4f.dir/link.txt --verbose=1
/usr/bin/cc  -DCHECK_FUNCTION_EXISTS=pthread_create    -rdynamic CMakeFiles/cmTC_d7a4f.dir/CheckFunctionExists.c.o  -o cmTC_d7a4f  -lpthreads 
/usr/bin/ld: 找不到 -lpthreads
collect2: error: ld returned 1 exit status
make[2]: *** [CMakeFiles/cmTC_d7a4f.dir/build.make:87：cmTC_d7a4f] 錯誤 1
make[2]: 離開目錄「/home/daniel/ros/catkin_ws/build/CMakeFiles/CMakeTmp」
make[1]: *** [Makefile:121：cmTC_d7a4f/fast] 錯誤 2
make[1]: 離開目錄「/home/daniel/ros/catkin_ws/build/CMakeFiles/CMakeTmp」



